# JRE version: Java(TM) SE Runtime Environment (8.0_172-b11) (build 1.8.0_172-b11)
# Java VM: Java HotSpot(TM) 64-Bit Server VM (25.172-b11 mixed mode windows-amd64 compressed oops)
Heap:
 PSYoungGen      total 59904K, used 712K [0x00000000d5f00000, 0x00000000da300000, 0x0000000100000000)
  eden space 50176K, 1% used [0x00000000d5f00000,0x00000000d5fb2338,0x00000000d9000000)
  from space 9728K, 0% used [0x00000000d9000000,0x00000000d9000000,0x00000000d9980000)
  to   space 9216K, 0% used [0x00000000d9a00000,0x00000000d9a00000,0x00000000da300000)
 ParOldGen       total 49664K, used 12928K [0x0000000081c00000, 0x0000000084c80000, 0x00000000d5f00000)
  object space 49664K, 26% used [0x0000000081c00000,0x00000000828a02d8,0x0000000084c80000)
 Metaspace       used 28744K, capacity 29844K, committed 30464K, reserved 1081344K
  class space    used 3770K, capacity 3976K, committed 4096K, reserved 1048576K
GC Heap History (10 events):
Event: 3.857 GC heap before
{Heap before GC invocations=14 (full 3):
 PSYoungGen      total 59904K, used 96K [0x00000000d5f00000, 0x00000000da300000, 0x0000000100000000)
  eden space 50176K, 0% used [0x00000000d5f00000,0x00000000d5f00000,0x00000000d9000000)
  from space 9728K, 0% used [0x00000000d9000000,0x00000000d9018000,0x00000000d9980000)
  to   space 9216K, 0% used [0x00000000d9a00000,0x00000000d9a00000,0x00000000da300000)
 ParOldGen       total 49664K, used 15149K [0x0000000081c00000, 0x0000000084c80000, 0x00000000d5f00000)
  object space 49664K, 30% used [0x0000000081c00000,0x0000000082acb458,0x0000000084c80000)
 Metaspace       used 28921K, capacity 30064K, committed 30208K, reserved 1085440K
  class space    used 3798K, capacity 4028K, committed 4096K, reserved 1048576K
Event: 3.897 GC heap after
Heap after GC invocations=14 (full 3):
 PSYoungGen      total 59904K, used 0K [0x00000000d5f00000, 0x00000000da300000, 0x0000000100000000)
  eden space 50176K, 0% used [0x00000000d5f00000,0x00000000d5f00000,0x00000000d9000000)
  from space 9728K, 0% used [0x00000000d9000000,0x00000000d9000000,0x00000000d9980000)
  to   space 9216K, 0% used [0x00000000d9a00000,0x00000000d9a00000,0x00000000da300000)
 ParOldGen       total 49664K, used 15006K [0x0000000081c00000, 0x0000000084c80000, 0x00000000d5f00000)
  object space 49664K, 30% used [0x0000000081c00000,0x0000000082aa79a0,0x0000000084c80000)
 Metaspace       used 28921K, capacity 30064K, committed 30208K, reserved 1081344K
  class space    used 3798K, capacity 4028K, committed 4096K, reserved 1048576K
}
Event: 3.897 GC heap before
{Heap before GC invocations=15 (full 3):
 PSYoungGen      total 59904K, used 0K [0x00000000d5f00000, 0x00000000da300000, 0x0000000100000000)
  eden space 50176K, 0% used [0x00000000d5f00000,0x00000000d5f00000,0x00000000d9000000)
  from space 9728K, 0% used [0x00000000d9000000,0x00000000d9000000,0x00000000d9980000)
  to   space 9216K, 0% used [0x00000000d9a00000,0x00000000d9a00000,0x00000000da300000)
 ParOldGen       total 49664K, used 15006K [0x0000000081c00000, 0x0000000084c80000, 0x00000000d5f00000)
  object space 49664K, 30% used [0x0000000081c00000,0x0000000082aa79a0,0x0000000084c80000)
 Metaspace       used 28921K, capacity 30064K, committed 30208K, reserved 1085440K
  class space    used 3798K, capacity 4028K, committed 4096K, reserved 1048576K
Event: 3.898 GC heap after
Heap after GC invocations=15 (full 3):
 PSYoungGen      total 59392K, used 0K [0x00000000d5f00000, 0x00000000da300000, 0x0000000100000000)
  eden space 50176K, 0% used [0x00000000d5f00000,0x00000000d5f00000,0x00000000d9000000)
  from space 9216K, 0% used [0x00000000d9a00000,0x00000000d9a00000,0x00000000da300000)
  to   space 9728K, 0% used [0x00000000d9000000,0x00000000d9000000,0x00000000d9980000)
 ParOldGen       total 49664K, used 15006K [0x0000000081c00000, 0x0000000084c80000, 0x00000000d5f00000)
  object space 49664K, 30% used [0x0000000081c00000,0x0000000082aa79a0,0x0000000084c80000)
 Metaspace       used 28921K, capacity 30064K, committed 30208K, reserved 1085440K
  class space    used 3798K, capacity 4028K, committed 4096K, reserved 1048576K
}
Event: 3.898 GC heap before
{Heap before GC invocations=16 (full 4):
 PSYoungGen      total 59392K, used 0K [0x00000000d5f00000, 0x00000000da300000, 0x0000000100000000)
  eden space 50176K, 0% used [0x00000000d5f00000,0x00000000d5f00000,0x00000000d9000000)
  from space 9216K, 0% used [0x00000000d9a00000,0x00000000d9a00000,0x00000000da300000)
  to   space 9728K, 0% used [0x00000000d9000000,0x00000000d9000000,0x00000000d9980000)
 ParOldGen       total 49664K, used 15006K [0x0000000081c00000, 0x0000000084c80000, 0x00000000d5f00000)
  object space 49664K, 30% used [0x0000000081c00000,0x0000000082aa79a0,0x0000000084c80000)
 Metaspace       used 28921K, capacity 30064K, committed 30208K, reserved 1085440K
  class space    used 3798K, capacity 4028K, committed 4096K, reserved 1048576K
Event: 3.965 GC heap after
Heap after GC invocations=16 (full 4):
 PSYoungGen      total 59392K, used 0K [0x00000000d5f00000, 0x00000000da300000, 0x0000000100000000)
  eden space 50176K, 0% used [0x00000000d5f00000,0x00000000d5f00000,0x00000000d9000000)
  from space 9216K, 0% used [0x00000000d9a00000,0x00000000d9a00000,0x00000000da300000)
  to   space 9728K, 0% used [0x00000000d9000000,0x00000000d9000000,0x00000000d9980000)
 ParOldGen       total 49664K, used 12929K [0x0000000081c00000, 0x0000000084c80000, 0x00000000d5f00000)
  object space 49664K, 26% used [0x0000000081c00000,0x00000000828a04c8,0x0000000084c80000)
 Metaspace       used 28742K, capacity 29780K, committed 30208K, reserved 1081344K
  class space    used 3769K, capacity 3976K, committed 4096K, reserved 1048576K
}
Event: 3.967 GC heap before
{Heap before GC invocations=17 (full 4):
 PSYoungGen      total 59392K, used 712K [0x00000000d5f00000, 0x00000000da300000, 0x0000000100000000)
  eden space 50176K, 1% used [0x00000000d5f00000,0x00000000d5fb22e8,0x00000000d9000000)
  from space 9216K, 0% used [0x00000000d9a00000,0x00000000d9a00000,0x00000000da300000)
  to   space 9728K, 0% used [0x00000000d9000000,0x00000000d9000000,0x00000000d9980000)
 ParOldGen       total 49664K, used 12929K [0x0000000081c00000, 0x0000000084c80000, 0x00000000d5f00000)
  object space 49664K, 26% used [0x0000000081c00000,0x00000000828a04c8,0x0000000084c80000)
 Metaspace       used 28742K, capacity 29780K, committed 30208K, reserved 1087488K
  class space    used 3769K, capacity 3976K, committed 4096K, reserved 1048576K
Event: 3.968 GC heap after
Heap after GC invocations=17 (full 4):
 PSYoungGen      total 59904K, used 128K [0x00000000d5f00000, 0x00000000da300000, 0x0000000100000000)
  eden space 50176K, 0% used [0x00000000d5f00000,0x00000000d5f00000,0x00000000d9000000)
  from space 9728K, 1% used [0x00000000d9000000,0x00000000d9020000,0x00000000d9980000)
  to   space 9216K, 0% used [0x00000000d9a00000,0x00000000d9a00000,0x00000000da300000)
 ParOldGen       total 49664K, used 12929K [0x0000000081c00000, 0x0000000084c80000, 0x00000000d5f00000)
  object space 49664K, 26% used [0x0000000081c00000,0x00000000828a04c8,0x0000000084c80000)
 Metaspace       used 28742K, capacity 29780K, committed 30208K, reserved 1087488K
  class space    used 3769K, capacity 3976K, committed 4096K, reserved 1048576K
}
Event: 3.968 GC heap before
{Heap before GC invocations=18 (full 5):
 PSYoungGen      total 59904K, used 128K [0x00000000d5f00000, 0x00000000da300000, 0x0000000100000000)
  eden space 50176K, 0% used [0x00000000d5f00000,0x00000000d5f00000,0x00000000d9000000)
  from space 9728K, 1% used [0x00000000d9000000,0x00000000d9020000,0x00000000d9980000)
  to   space 9216K, 0% used [0x00000000d9a00000,0x00000000d9a00000,0x00000000da300000)
 ParOldGen       total 49664K, used 12929K [0x0000000081c00000, 0x0000000084c80000, 0x00000000d5f00000)
  object space 49664K, 26% used [0x0000000081c00000,0x00000000828a04c8,0x0000000084c80000)
 Metaspace       used 28742K, capacity 29780K, committed 30208K, reserved 1087488K
  class space    used 3769K, capacity 3976K, committed 4096K, reserved 1048576K
Event: 3.987 GC heap after
Heap after GC invocations=18 (full 5):
 PSYoungGen      total 59904K, used 0K [0x00000000d5f00000, 0x00000000da300000, 0x0000000100000000)
  eden space 50176K, 0% used [0x00000000d5f00000,0x00000000d5f00000,0x00000000d9000000)
  from space 9728K, 0% used [0x00000000d9000000,0x00000000d9000000,0x00000000d9980000)
  to   space 9216K, 0% used [0x00000000d9a00000,0x00000000d9a00000,0x00000000da300000)
 ParOldGen       total 49664K, used 12928K [0x0000000081c00000, 0x0000000084c80000, 0x00000000d5f00000)
  object space 49664K, 26% used [0x0000000081c00000,0x00000000828a02d8,0x0000000084c80000)
 Metaspace       used 28742K, capacity 29780K, committed 30208K, reserved 1081344K
  class space    used 3769K, capacity 3976K, committed 4096K, reserved 1048576K
}

